#! /c/Source/iverilog-install/bin/vvp
:ivl_version "12.0 (devel)" "(s20150603-1539-g2693dd32b)";
:ivl_delay_selection "TYPICAL";
:vpi_time_precision - 11;
:vpi_module "C:\iverilog\lib\ivl\system.vpi";
:vpi_module "C:\iverilog\lib\ivl\vhdl_sys.vpi";
:vpi_module "C:\iverilog\lib\ivl\vhdl_textio.vpi";
:vpi_module "C:\iverilog\lib\ivl\v2005_math.vpi";
:vpi_module "C:\iverilog\lib\ivl\va_math.vpi";
S_000002510ba18ad0 .scope module, "testbenchBoton" "testbenchBoton" 2 3;
 .timescale -9 -11;
v000002510ba219c0_0 .var "A", 0 0;
v000002510ba21a60_0 .var "B", 0 0;
v000002510ba22910_0 .var "C", 0 0;
v000002510ba21d30_0 .net "C1", 0 0, v000002510b9d6420_0;  1 drivers
v000002510ba22a50_0 .net "C2", 0 0, v000002510b9d64c0_0;  1 drivers
v000002510ba21e70_0 .net "C3", 0 0, v000002510b9d6560_0;  1 drivers
v000002510ba21dd0_0 .net "C4", 0 0, v000002510b9d6600_0;  1 drivers
v000002510ba22370_0 .var "D", 0 0;
v000002510ba229b0_0 .net "boton", 0 0, v000002510ba2d840_0;  1 drivers
v000002510ba22870_0 .var "clk", 0 0;
v000002510ba225f0_0 .var "enable", 0 0;
v000002510ba21f10_0 .var "reset", 0 0;
S_000002510ba18c60 .scope module, "detectar" "deteccionBoton" 2 11, 3 1 0, S_000002510ba18ad0;
 .timescale -9 -11;
    .port_info 0 /INPUT 1 "enable";
    .port_info 1 /INPUT 1 "R1";
    .port_info 2 /INPUT 1 "R2";
    .port_info 3 /INPUT 1 "R3";
    .port_info 4 /INPUT 1 "R4";
    .port_info 5 /OUTPUT 1 "botonApretado";
v000002510b9d6aa0_0 .net "R1", 0 0, v000002510b9d6420_0;  alias, 1 drivers
v000002510b9dbc90_0 .net "R2", 0 0, v000002510b9d64c0_0;  alias, 1 drivers
v000002510ba2d700_0 .net "R3", 0 0, v000002510b9d6560_0;  alias, 1 drivers
v000002510ba2d7a0_0 .net "R4", 0 0, v000002510ba22370_0;  1 drivers
v000002510ba2d840_0 .var "botonApretado", 0 0;
v000002510ba2d8e0_0 .net "enable", 0 0, v000002510ba225f0_0;  1 drivers
E_000002510ba16af0/0 .event anyedge, v000002510ba2d8e0_0, v000002510b9d6aa0_0, v000002510b9dbc90_0, v000002510ba2d700_0;
E_000002510ba16af0/1 .event anyedge, v000002510ba2d7a0_0;
E_000002510ba16af0 .event/or E_000002510ba16af0/0, E_000002510ba16af0/1;
S_000002510ba2d980 .scope module, "select_col" "ring_counter4" 2 12, 4 1 0, S_000002510ba18ad0;
 .timescale 0 0;
    .port_info 0 /INPUT 1 "clk";
    .port_info 1 /INPUT 1 "reset";
    .port_info 2 /INPUT 1 "enable";
    .port_info 3 /OUTPUT 1 "A";
    .port_info 4 /OUTPUT 1 "B";
    .port_info 5 /OUTPUT 1 "C";
    .port_info 6 /OUTPUT 1 "D";
v000002510b9d6420_0 .var "A", 0 0;
v000002510b9d64c0_0 .var "B", 0 0;
v000002510b9d6560_0 .var "C", 0 0;
v000002510b9d6600_0 .var "D", 0 0;
v000002510b9d66a0_0 .net "clk", 0 0, v000002510ba22870_0;  1 drivers
v000002510b9d6740_0 .net "enable", 0 0, v000002510ba225f0_0;  alias, 1 drivers
v000002510b9d67e0_0 .net "reset", 0 0, v000002510ba21f10_0;  1 drivers
E_000002510ba164f0 .event posedge, v000002510b9d66a0_0;
    .scope S_000002510ba18c60;
T_0 ;
    %wait E_000002510ba16af0;
    %load/vec4 v000002510ba2d8e0_0;
    %flag_set/vec4 8;
    %jmp/0xz  T_0.0, 8;
    %load/vec4 v000002510b9d6aa0_0;
    %flag_set/vec4 8;
    %jmp/1 T_0.6, 8;
    %load/vec4 v000002510b9dbc90_0;
    %flag_set/vec4 9;
    %flag_or 8, 9;
T_0.6;
    %jmp/1 T_0.5, 8;
    %load/vec4 v000002510ba2d700_0;
    %flag_set/vec4 9;
    %flag_or 8, 9;
T_0.5;
    %jmp/1 T_0.4, 8;
    %load/vec4 v000002510ba2d7a0_0;
    %flag_set/vec4 9;
    %flag_or 8, 9;
T_0.4;
    %jmp/0xz  T_0.2, 8;
    %pushi/vec4 1, 0, 1;
    %store/vec4 v000002510ba2d840_0, 0, 1;
    %jmp T_0.3;
T_0.2 ;
    %pushi/vec4 0, 0, 1;
    %store/vec4 v000002510ba2d840_0, 0, 1;
T_0.3 ;
T_0.0 ;
    %jmp T_0;
    .thread T_0, $push;
    .scope S_000002510ba2d980;
T_1 ;
    %wait E_000002510ba164f0;
    %load/vec4 v000002510b9d67e0_0;
    %flag_set/vec4 8;
    %jmp/0xz  T_1.0, 8;
    %pushi/vec4 0, 0, 1;
    %store/vec4 v000002510b9d64c0_0, 0, 1;
    %pushi/vec4 0, 0, 1;
    %store/vec4 v000002510b9d6560_0, 0, 1;
    %pushi/vec4 0, 0, 1;
    %store/vec4 v000002510b9d6600_0, 0, 1;
    %pushi/vec4 1, 0, 1;
    %store/vec4 v000002510b9d6420_0, 0, 1;
    %jmp T_1.1;
T_1.0 ;
    %load/vec4 v000002510b9d6740_0;
    %flag_set/vec4 8;
    %jmp/0xz  T_1.2, 8;
    %load/vec4 v000002510b9d6420_0;
    %flag_set/vec4 8;
    %jmp/0xz  T_1.4, 8;
    %pushi/vec4 0, 0, 1;
    %store/vec4 v000002510b9d6420_0, 0, 1;
    %pushi/vec4 0, 0, 1;
    %store/vec4 v000002510b9d6560_0, 0, 1;
    %pushi/vec4 0, 0, 1;
    %store/vec4 v000002510b9d6600_0, 0, 1;
    %pushi/vec4 1, 0, 1;
    %store/vec4 v000002510b9d64c0_0, 0, 1;
    %jmp T_1.5;
T_1.4 ;
    %load/vec4 v000002510b9d64c0_0;
    %flag_set/vec4 8;
    %jmp/0xz  T_1.6, 8;
    %pushi/vec4 0, 0, 1;
    %store/vec4 v000002510b9d6420_0, 0, 1;
    %pushi/vec4 0, 0, 1;
    %store/vec4 v000002510b9d64c0_0, 0, 1;
    %pushi/vec4 0, 0, 1;
    %store/vec4 v000002510b9d6600_0, 0, 1;
    %pushi/vec4 1, 0, 1;
    %store/vec4 v000002510b9d6560_0, 0, 1;
    %jmp T_1.7;
T_1.6 ;
    %load/vec4 v000002510b9d6560_0;
    %flag_set/vec4 8;
    %jmp/0xz  T_1.8, 8;
    %pushi/vec4 0, 0, 1;
    %store/vec4 v000002510b9d6420_0, 0, 1;
    %pushi/vec4 0, 0, 1;
    %store/vec4 v000002510b9d64c0_0, 0, 1;
    %pushi/vec4 0, 0, 1;
    %store/vec4 v000002510b9d6560_0, 0, 1;
    %pushi/vec4 1, 0, 1;
    %store/vec4 v000002510b9d6600_0, 0, 1;
    %jmp T_1.9;
T_1.8 ;
    %load/vec4 v000002510b9d6600_0;
    %flag_set/vec4 8;
    %jmp/0xz  T_1.10, 8;
    %pushi/vec4 0, 0, 1;
    %store/vec4 v000002510b9d64c0_0, 0, 1;
    %pushi/vec4 0, 0, 1;
    %store/vec4 v000002510b9d6560_0, 0, 1;
    %pushi/vec4 0, 0, 1;
    %store/vec4 v000002510b9d6600_0, 0, 1;
    %pushi/vec4 1, 0, 1;
    %store/vec4 v000002510b9d6420_0, 0, 1;
T_1.10 ;
T_1.9 ;
T_1.7 ;
T_1.5 ;
T_1.2 ;
T_1.1 ;
    %jmp T_1;
    .thread T_1;
    .scope S_000002510ba18ad0;
T_2 ;
    %pushi/vec4 0, 0, 1;
    %store/vec4 v000002510ba225f0_0, 0, 1;
    %pushi/vec4 0, 0, 1;
    %store/vec4 v000002510ba219c0_0, 0, 1;
    %pushi/vec4 0, 0, 1;
    %store/vec4 v000002510ba21a60_0, 0, 1;
    %pushi/vec4 0, 0, 1;
    %store/vec4 v000002510ba22910_0, 0, 1;
    %pushi/vec4 0, 0, 1;
    %store/vec4 v000002510ba22370_0, 0, 1;
    %pushi/vec4 0, 0, 1;
    %store/vec4 v000002510ba22870_0, 0, 1;
    %pushi/vec4 1, 0, 1;
    %store/vec4 v000002510ba21f10_0, 0, 1;
    %end;
    .thread T_2;
    .scope S_000002510ba18ad0;
T_3 ;
    %delay 500, 0;
    %load/vec4 v000002510ba22870_0;
    %inv;
    %store/vec4 v000002510ba22870_0, 0, 1;
    %jmp T_3;
    .thread T_3;
    .scope S_000002510ba18ad0;
T_4 ;
    %vpi_call 2 29 "$dumpfile", "SimulacionRingCounter.vcd" {0 0 0};
    %vpi_call 2 30 "$dumpvars", 32'sb00000000000000000000000000000001 {0 0 0};
    %delay 1200, 0;
    %pushi/vec4 0, 0, 1;
    %store/vec4 v000002510ba21f10_0, 0, 1;
    %delay 1000, 0;
    %pushi/vec4 1, 0, 1;
    %store/vec4 v000002510ba225f0_0, 0, 1;
    %delay 20000, 0;
    %vpi_call 2 35 "$finish" {0 0 0};
    %end;
    .thread T_4;
# The file index is used to find the file name in the following table.
:file_names 5;
    "N/A";
    "<interactive>";
    "testbench-deteccionBoton.v";
    "deteccionBoton.v";
    "ring-counter.v";
