#! /c/Source/iverilog-install/bin/vvp
:ivl_version "12.0 (devel)" "(s20150603-1539-g2693dd32b)";
:ivl_delay_selection "TYPICAL";
:vpi_time_precision - 12;
:vpi_module "C:\iverilog\lib\ivl\system.vpi";
:vpi_module "C:\iverilog\lib\ivl\vhdl_sys.vpi";
:vpi_module "C:\iverilog\lib\ivl\vhdl_textio.vpi";
:vpi_module "C:\iverilog\lib\ivl\v2005_math.vpi";
:vpi_module "C:\iverilog\lib\ivl\va_math.vpi";
S_0000016fbbd26590 .scope module, "testbenchBCD2binary" "testbenchBCD2binary" 2 3;
 .timescale -9 -12;
v0000016fbbd6a8e0_0 .var "bcd", 15 0;
v0000016fbbd6a980_0 .net "bin", 13 0, v0000016fbbcf2e40_0;  1 drivers
S_0000016fbbd26720 .scope module, "dut" "BCD2binary" 2 10, 3 1 0, S_0000016fbbd26590;
 .timescale 0 0;
    .port_info 0 /INPUT 16 "bcd";
    .port_info 1 /OUTPUT 14 "bin";
v0000016fbbcf3230_0 .net "bcd", 15 0, v0000016fbbd6a8e0_0;  1 drivers
v0000016fbbcf2e40_0 .var "bin", 13 0;
v0000016fbbd6a840_0 .var/i "i", 31 0;
E_0000016fbbc0c6b0 .event anyedge, v0000016fbbcf2e40_0, v0000016fbbcf3230_0;
    .scope S_0000016fbbd26720;
T_0 ;
    %wait E_0000016fbbc0c6b0;
    %pushi/vec4 0, 0, 14;
    %store/vec4 v0000016fbbcf2e40_0, 0, 14;
    %pushi/vec4 0, 0, 32;
    %store/vec4 v0000016fbbd6a840_0, 0, 32;
T_0.0 ;
    %load/vec4 v0000016fbbd6a840_0;
    %cmpi/s 4, 0, 32;
    %jmp/0xz T_0.1, 5;
    %load/vec4 v0000016fbbcf2e40_0;
    %pad/u 32;
    %load/vec4 v0000016fbbcf3230_0;
    %load/vec4 v0000016fbbd6a840_0;
    %muli 4, 0, 32;
    %part/s 4;
    %pad/u 32;
    %pushi/vec4 10, 0, 32;
    %load/vec4 v0000016fbbd6a840_0;
    %pow/s;
    %mul;
    %add;
    %pad/u 14;
    %store/vec4 v0000016fbbcf2e40_0, 0, 14;
    %load/vec4 v0000016fbbd6a840_0;
    %addi 1, 0, 32;
    %store/vec4 v0000016fbbd6a840_0, 0, 32;
    %jmp T_0.0;
T_0.1 ;
    %jmp T_0;
    .thread T_0, $push;
    .scope S_0000016fbbd26590;
T_1 ;
    %vpi_call 2 18 "$monitor", "Time = %0d | BCD = %b | Binario = %d", $time, v0000016fbbd6a8e0_0, v0000016fbbd6a980_0 {0 0 0};
    %pushi/vec4 1, 0, 16;
    %store/vec4 v0000016fbbd6a8e0_0, 0, 16;
    %delay 10000, 0;
    %pushi/vec4 291, 0, 16;
    %store/vec4 v0000016fbbd6a8e0_0, 0, 16;
    %delay 10000, 0;
    %pushi/vec4 2457, 0, 16;
    %store/vec4 v0000016fbbd6a8e0_0, 0, 16;
    %delay 10000, 0;
    %pushi/vec4 5193, 0, 16;
    %store/vec4 v0000016fbbd6a8e0_0, 0, 16;
    %delay 10000, 0;
    %pushi/vec4 9521, 0, 16;
    %store/vec4 v0000016fbbd6a8e0_0, 0, 16;
    %delay 10000, 0;
    %pushi/vec4 0, 0, 16;
    %store/vec4 v0000016fbbd6a8e0_0, 0, 16;
    %delay 10000, 0;
    %vpi_call 2 45 "$finish" {0 0 0};
    %end;
    .thread T_1;
# The file index is used to find the file name in the following table.
:file_names 4;
    "N/A";
    "<interactive>";
    ".\testbench\testbenchBCD2binary.v";
    ".\BCD2binary.v";
